Sun Sep 03 2023 6:7:37 } [PH] error: 🐱‍🏍 globalErrorHandler ~~ 
Invalid `prisma.user.findUnique()` invocation in
D:\next level\postgreSql\prisma-books-server\src\app\modules\user\user.service.ts:21:36

  18 };
  19 
  20 const getSingleUser = async (id: string): Promise<User | null> => {
→ 21   const result = await prisma.user.findUnique({
         where: {
           id: undefined,
       ?   email?: String,
       ?   AND?: UserWhereInput | UserWhereInput[],
       ?   OR?: UserWhereInput[],
       ?   NOT?: UserWhereInput | UserWhereInput[],
       ?   name?: StringFilter | String,
       ?   password?: StringFilter | String,
       ?   role?: EnumUserRoleFilter | UserRole,
       ?   contactNo?: StringFilter | String,
       ?   address?: StringFilter | String,
       ?   profileImg?: StringFilter | String,
       ?   ReviewAndRatings?: ReviewAndRatingListRelationFilter,
       ?   Order?: OrderListRelationFilter
         }
       })

Argument `where` of type UserWhereUniqueInput needs at least one of `id` or `email` arguments. Available options are listed in green.
